<?xml version="1.0" encoding="UTF-8"?>
<!-- Generated by org.testng.reporters.JUnitReportReporter -->
<testsuite hostname="Kittu" failures="0" tests="2" name="Opencart_Test.Validate_LogOut_page" time="12.319" errors="0" timestamp="2023-10-05T09:31:18 IST" skipped="0">
  <testcase classname="Opencart_Test.Validate_LogOut_page" name="Logout_1" time="5.943"/>
  <system-out/>
  <testcase classname="Opencart_Test.Validate_LogOut_page" name="Logout_2" time="6.376"/>
  <system-out/>
</testsuite> <!-- Opencart_Test.Validate_LogOut_page -->
