<?xml version="1.0" encoding="UTF-8"?>
<!-- Generated by org.testng.reporters.JUnitReportReporter -->
<testsuite hostname="Kittu" failures="0" tests="4" name="Opencart_Test.End_to_End_Registration_Login_Logout" time="19.934" errors="0" timestamp="2023-10-05T09:31:18 IST" skipped="0">
  <testcase classname="Opencart_Test.End_to_End_Registration_Login_Logout" name="RegistrationEtoE" time="8.304"/>
  <system-out/>
  <testcase classname="Opencart_Test.End_to_End_Registration_Login_Logout" name="LogoutEtoE" time="3.107"/>
  <system-out/>
  <testcase classname="Opencart_Test.End_to_End_Registration_Login_Logout" name="LoginEtoE" time="5.423"/>
  <system-out/>
  <testcase classname="Opencart_Test.End_to_End_Registration_Login_Logout" name="LogoutEtoE2" time="3.100"/>
  <system-out/>
</testsuite> <!-- Opencart_Test.End_to_End_Registration_Login_Logout -->
