<?xml version="1.0" encoding="UTF-8"?>
<!-- Generated by org.testng.reporters.JUnitReportReporter -->
<testsuite hostname="Kittu" failures="0" tests="11" name="Opencart_Test.Validate_Registration_page" time="100.862" errors="0" timestamp="2023-10-05T09:31:18 IST" skipped="0">
  <testcase classname="Opencart_Test.Validate_Registration_page" name="Registration" time="9.125"/>
  <system-out/>
  <testcase classname="Opencart_Test.Validate_Registration_page" name="Registration_with_NoData" time="6.192"/>
  <system-out/>
  <testcase classname="Opencart_Test.Validate_Registration_page" name="Registration_2" time="8.805"/>
  <system-out/>
  <testcase classname="Opencart_Test.Validate_Registration_page" name="Registration_3" time="8.868"/>
  <system-out/>
  <testcase classname="Opencart_Test.Validate_Registration_page" name="Registration_With_InvalidData" time="12.717"/>
  <system-out/>
  <testcase classname="Opencart_Test.Validate_Registration_page" name="Registration_With_Incorrectpassword" time="8.089"/>
  <system-out/>
  <testcase classname="Opencart_Test.Validate_Registration_page" name="Registration_PasswordLength" time="8.042"/>
  <system-out/>
  <testcase classname="Opencart_Test.Validate_Registration_page" name="Registration_Policy" time="8.950"/>
  <system-out/>
  <testcase classname="Opencart_Test.Validate_Registration_page" name="Registration_Telephone" time="15.768"/>
  <system-out/>
  <testcase classname="Opencart_Test.Validate_Registration_page" name="Registration_Home" time="7.145"/>
  <system-out/>
  <testcase classname="Opencart_Test.Validate_Registration_page" name="Registration_Login" time="7.161"/>
  <system-out/>
</testsuite> <!-- Opencart_Test.Validate_Registration_page -->
